
+-------------------+
| No data returned. |
+-------------------+
Nodes created: 91
Properties set: 364
Labels added: 91
985 ms
+-------------------+
| No data returned. |
+-------------------+
Nodes created: 77
Properties set: 231
Labels added: 77
75 ms
+-------------------+
| No data returned. |
+-------------------+
Nodes created: 29
Properties set: 58
Labels added: 29
56 ms
+-------------------+
| No data returned. |
+-------------------+
Nodes created: 9
Properties set: 36
Labels added: 9
48 ms
+-------------------+
| No data returned. |
+-------------------+
Nodes created: 8
Properties set: 24
Labels added: 8
41 ms
+-------------------+
| No data returned. |
+-------------------+
Indexes added: 1
7 ms
+-------------------+
| No data returned. |
+-------------------+
Indexes added: 1
1 ms
+-------------------+
| No data returned. |
+-------------------+
Indexes added: 1
2 ms
+-------------------+
| No data returned. |
+-------------------+
Indexes added: 1
2 ms
+-------------------+
| No data returned. |
+-------------------+
Indexes added: 1
2 ms
+-------------------+
| No data returned. |
+-------------------+
Nodes created: 2155
Properties set: 4310
Labels added: 2155
393 ms
+-------------------+
| No data returned. |
+-------------------+
Nodes created: 9
Relationships created: 597
697 ms
+-------------------+
| No data returned. |
+-------------------+
Relationships created: 77
66 ms
+-------------------+
| No data returned. |
+-------------------+
Relationships created: 77
56 ms
+-------------------+
| No data returned. |
+-------------------+
Relationships created: 8
47 ms
+-------------------+
| No data returned. |
+-------------------+
Indexes added: 1
2 ms
